<?xml version="1.0" encoding="UTF-8"?>
<!-- Generated by org.testng.reporters.JUnitReportReporter -->
<testsuite hostname="DESKTOP-56C0EHH" failures="0" tests="6" name="com.testcases.ActiTIME.TC1_ActitimeLoginLogout" time="53.885" errors="0" timestamp="2023-12-19T11:08:13 IST" skipped="0">
  <testcase classname="com.testcases.ActiTIME.TC1_ActitimeLoginLogout" name="logout" time="6.325"/>
  <system-out/>
  <testcase classname="com.testcases.ActiTIME.TC1_ActitimeLoginLogout" name="logout" time="9.871"/>
  <system-out/>
  <testcase classname="com.testcases.ActiTIME.TC1_ActitimeLoginLogout" name="login" time="9.342"/>
  <system-out/>
  <testcase classname="com.testcases.ActiTIME.TC1_ActitimeLoginLogout" name="login" time="10.549"/>
  <system-out/>
  <testcase classname="com.testcases.ActiTIME.TC1_ActitimeLoginLogout" name="login" time="8.770"/>
  <system-out/>
  <testcase classname="com.testcases.ActiTIME.TC1_ActitimeLoginLogout" name="logout" time="9.028"/>
  <system-out/>
</testsuite> <!-- com.testcases.ActiTIME.TC1_ActitimeLoginLogout -->
