<?xml version="1.0" encoding="UTF-8"?>
<!-- Generated by org.testng.reporters.JUnitReportReporter -->
<testsuite hostname="DESKTOP-56C0EHH" failures="0" tests="6" name="com.testcases.ActiTIME.TC1_ActitimeLoginLogout" time="52.259" errors="0" timestamp="2023-12-19T12:34:12 IST" skipped="0">
  <testcase classname="com.testcases.ActiTIME.TC1_ActitimeLoginLogout" name="login" time="8.974"/>
  <system-out/>
  <testcase classname="com.testcases.ActiTIME.TC1_ActitimeLoginLogout" name="login" time="8.745"/>
  <system-out/>
  <testcase classname="com.testcases.ActiTIME.TC1_ActitimeLoginLogout" name="login" time="10.546"/>
  <system-out/>
  <testcase classname="com.testcases.ActiTIME.TC1_ActitimeLoginLogout" name="logout" time="8.042"/>
  <system-out/>
  <testcase classname="com.testcases.ActiTIME.TC1_ActitimeLoginLogout" name="logout" time="9.306"/>
  <system-out/>
  <testcase classname="com.testcases.ActiTIME.TC1_ActitimeLoginLogout" name="logout" time="6.646"/>
  <system-out/>
</testsuite> <!-- com.testcases.ActiTIME.TC1_ActitimeLoginLogout -->
